<?xml version="1.0" encoding="UTF-8"?>
<!-- Generated by org.testng.reporters.JUnitReportReporter -->
<testsuite skipped="0" hostname="DESKTOP-HNAEA5M" name="testNGConcepts.CallingMyListener" tests="1" failures="0" timestamp="27 Aug 2017 07:53:53 GMT" time="0.020" errors="0">
  <testcase name="TestA" time="0.020" classname="testNGConcepts.CallingMyListener"/>
</testsuite> <!-- testNGConcepts.CallingMyListener -->
