<?xml version="1.0" encoding="UTF-8"?>
<!-- Generated by org.testng.reporters.JUnitReportReporter -->
<testsuite skipped="0" hostname="DESKTOP-HNAEA5M" name="testNGConcepts.Parameters" tests="1" failures="0" timestamp="27 Aug 2017 07:42:33 GMT" time="0.019" errors="0">
  <testcase name="citydata" time="0.019" classname="testNGConcepts.Parameters"/>
</testsuite> <!-- testNGConcepts.Parameters -->
