<?xml version="1.0" encoding="UTF-8"?>
<!-- Generated by org.testng.reporters.JUnitReportReporter -->
<testsuite skipped="0" hostname="DESKTOP-HNAEA5M" name="testNGConcepts.Groupby" tests="1" failures="0" timestamp="27 Aug 2017 07:36:09 GMT" time="0.016" errors="0">
  <testcase name="m2" time="0.016" classname="testNGConcepts.Groupby"/>
</testsuite> <!-- testNGConcepts.Groupby -->
