<?xml version="1.0" encoding="UTF-8"?>
<!-- Generated by org.testng.reporters.JUnitReportReporter -->
<testsuite skipped="0" hostname="DESKTOP-HNAEA5M" name="testNGConcepts.DataProvider" tests="2" failures="0" timestamp="27 Aug 2017 06:44:04 GMT" time="0.000" errors="0">
  <testcase name="m1" time="0.000" classname="testNGConcepts.DataProvider"/>
  <testcase name="m1" time="0.000" classname="testNGConcepts.DataProvider"/>
</testsuite> <!-- testNGConcepts.DataProvider -->
